<?xml version="1.0" encoding="UTF-8"?>
<!-- Generated by org.testng.reporters.JUnitXMLReporter -->
<testsuite ignored="0" hostname="LAPTOP-P1EOE0FM" failures="0" tests="4" name="Test" time="16.517" errors="0" timestamp="2022-07-26T13:43:59 IST">
  <testcase classname="testNG.TestNGPriority" name="launchBrowser" time="2.446"/>
  <testcase classname="testNG.TestNGPriority" name="loginMagnus" time="3.205"/>
  <testcase classname="testNG.TestNGPriority" name="logOut" time="1.54"/>
  <testcase classname="testNG.TestNG" name="loginMagnus" time="3.221"/>
</testsuite> <!-- Test -->
