<?xml version="1.0" encoding="UTF-8"?>
<testng-results ignored="0" total="4" passed="4" failed="0" skipped="0">
  <reporter-output>
  </reporter-output>
  <suite started-at="2022-07-26T13:43:42 IST" name="Suite" finished-at="2022-07-26T13:43:59 IST" duration-ms="16517">
    <groups>
    </groups>
    <test started-at="2022-07-26T13:43:42 IST" name="Test" finished-at="2022-07-26T13:43:59 IST" duration-ms="16517">
      <class name="testNG.TestNGPriority">
        <test-method signature="launchBrowser()[pri:1, instance:testNG.TestNGPriority@28eaa59a]" started-at="2022-07-26T13:43:46 IST" name="launchBrowser" finished-at="2022-07-26T13:43:49 IST" duration-ms="2446" status="PASS">
          <reporter-output>
          </reporter-output>
        </test-method> <!-- launchBrowser -->
        <test-method signature="loginMagnus()[pri:2, instance:testNG.TestNGPriority@28eaa59a]" started-at="2022-07-26T13:43:49 IST" name="loginMagnus" finished-at="2022-07-26T13:43:52 IST" duration-ms="3205" status="PASS">
          <reporter-output>
          </reporter-output>
        </test-method> <!-- loginMagnus -->
        <test-method signature="logOut()[pri:3, instance:testNG.TestNGPriority@28eaa59a]" started-at="2022-07-26T13:43:52 IST" name="logOut" finished-at="2022-07-26T13:43:54 IST" duration-ms="1540" status="PASS">
          <reporter-output>
          </reporter-output>
        </test-method> <!-- logOut -->
      </class> <!-- testNG.TestNGPriority -->
      <class name="testNG.TestNG">
        <test-method is-config="true" signature="launchBrowser()[pri:0, instance:testNG.TestNG@1d9b7cce]" started-at="2022-07-26T13:43:42 IST" name="launchBrowser" finished-at="2022-07-26T13:43:46 IST" duration-ms="4178" status="PASS">
          <reporter-output>
          </reporter-output>
        </test-method> <!-- launchBrowser -->
        <test-method signature="loginMagnus()[pri:0, instance:testNG.TestNG@1d9b7cce]" started-at="2022-07-26T13:43:54 IST" name="loginMagnus" finished-at="2022-07-26T13:43:57 IST" duration-ms="3221" status="PASS">
          <reporter-output>
          </reporter-output>
        </test-method> <!-- loginMagnus -->
        <test-method is-config="true" signature="closingBrowser()[pri:0, instance:testNG.TestNG@1d9b7cce]" started-at="2022-07-26T13:43:57 IST" name="closingBrowser" finished-at="2022-07-26T13:43:59 IST" duration-ms="1887" status="PASS">
          <reporter-output>
          </reporter-output>
        </test-method> <!-- closingBrowser -->
      </class> <!-- testNG.TestNG -->
    </test> <!-- Test -->
  </suite> <!-- Suite -->
</testng-results>
