<?xml version="1.0" encoding="UTF-8"?>
<!-- Generated by org.testng.reporters.JUnitXMLReporter -->
<testsuite ignored="0" hostname="LAPTOP-P1EOE0FM" failures="0" tests="3" name="Default test" time="8.972" errors="0" timestamp="2022-07-26T13:42:03 IST">
  <testcase classname="testNG.TestNGPriority" name="launchBrowser" time="4.093"/>
  <testcase classname="testNG.TestNGPriority" name="loginMagnus" time="3.228"/>
  <testcase classname="testNG.TestNGPriority" name="logOut" time="1.613"/>
</testsuite> <!-- Default test -->
